<?xml version="1.0" encoding="UTF-8"?>
<testsuite name="org.json.junit.JSONStringerTest" tests="10" skipped="0" failures="0" errors="0" timestamp="2022-01-25T05:29:53" hostname="Chenxus-MacBook-Pro.local" time="0.002">
  <properties/>
  <testcase name="missplacedObjectException" classname="org.json.junit.JSONStringerTest" time="0.0"/>
  <testcase name="exceedNestDepthException" classname="org.json.junit.JSONStringerTest" time="0.0"/>
  <testcase name="missplacedEndArrayException" classname="org.json.junit.JSONStringerTest" time="0.0"/>
  <testcase name="simpleObjectString" classname="org.json.junit.JSONStringerTest" time="0.001"/>
  <testcase name="simpleArrayString" classname="org.json.junit.JSONStringerTest" time="0.0"/>
  <testcase name="outOfSequenceException" classname="org.json.junit.JSONStringerTest" time="0.0"/>
  <testcase name="nullKeyException" classname="org.json.junit.JSONStringerTest" time="0.0"/>
  <testcase name="missplacedEndObjectException" classname="org.json.junit.JSONStringerTest" time="0.0"/>
  <testcase name="complexObjectString" classname="org.json.junit.JSONStringerTest" time="0.001"/>
  <testcase name="missplacedArrayException" classname="org.json.junit.JSONStringerTest" time="0.0"/>
  <system-out><![CDATA[]]></system-out>
  <system-err><![CDATA[]]></system-err>
</testsuite>
