<?xml version="1.0" encoding="UTF-8"?>
<testsuite name="org.json.junit.MileStone2Test" tests="1" skipped="0" failures="0" errors="0" timestamp="2022-02-06T21:00:02" hostname="Chenxus-MacBook-Pro.local" time="0.004">
  <properties/>
  <testcase name="handleTransformation" classname="org.json.junit.MileStone2Test" time="0.004"/>
  <system-out><![CDATA[]]></system-out>
  <system-err><![CDATA[]]></system-err>
</testsuite>
