<?xml version="1.0" encoding="UTF-8"?>
<testsuite name="org.json.junit.MileStone5Test" tests="1" skipped="0" failures="0" errors="0" timestamp="2022-03-06T23:36:50" hostname="Chenxus-MacBook-Pro.local" time="1.01">
  <properties/>
  <testcase name="shouldThrowExecutionException" classname="org.json.junit.MileStone5Test" time="1.01"/>
  <system-out><![CDATA[]]></system-out>
  <system-err><![CDATA[]]></system-err>
</testsuite>
