<?xml version="1.0" encoding="UTF-8"?>
<testsuite name="org.json.junit.XMLTest" tests="41" skipped="0" failures="0" errors="0" timestamp="2022-01-25T05:29:53" hostname="Chenxus-MacBook-Pro.local" time="0.035">
  <properties/>
  <testcase name="testToJSONArray_jsonOutput" classname="org.json.junit.XMLTest" time="0.008"/>
  <testcase name="shouldHandleNonEmptyArray" classname="org.json.junit.XMLTest" time="0.0"/>
  <testcase name="shouldHandleInvalidCDATABangInTag" classname="org.json.junit.XMLTest" time="0.001"/>
  <testcase name="testIssue537CaseSensitiveHexUnEscapeDirect" classname="org.json.junit.XMLTest" time="0.0"/>
  <testcase name="testToJsonWithTypeWhenTypeConversionEnabled" classname="org.json.junit.XMLTest" time="0.001"/>
  <testcase name="testToJsonWithNullWhenNilConversionDisabled" classname="org.json.junit.XMLTest" time="0.0"/>
  <testcase name="shouldHandleEmptyMultiArray" classname="org.json.junit.XMLTest" time="0.0"/>
  <testcase name="shouldHandleContentArraytoString" classname="org.json.junit.XMLTest" time="0.001"/>
  <testcase name="shouldHandleContentNoArraytoString" classname="org.json.junit.XMLTest" time="0.0"/>
  <testcase name="shouldHandleNullJSONXML" classname="org.json.junit.XMLTest" time="0.0"/>
  <testcase name="testIssue537CaseSensitiveHexEscapeMinimal" classname="org.json.junit.XMLTest" time="0.0"/>
  <testcase name="testIssue537CaseSensitiveHexEscapeFullFile" classname="org.json.junit.XMLTest" time="0.004"/>
  <testcase name="shouldHandleInvalidSlashInTag" classname="org.json.junit.XMLTest" time="0.0"/>
  <testcase name="shouldHandleArraytoString" classname="org.json.junit.XMLTest" time="0.0"/>
  <testcase name="shouldHandleMultiArray" classname="org.json.junit.XMLTest" time="0.0"/>
  <testcase name="shouldHandleInvalidBangNoCloseInTag" classname="org.json.junit.XMLTest" time="0.001"/>
  <testcase name="testXSITypeMapNotModifiable" classname="org.json.junit.XMLTest" time="0.0"/>
  <testcase name="testToJsonWithTypeWhenTypeConversionDisabled" classname="org.json.junit.XMLTest" time="0.0"/>
  <testcase name="shouldHandleNullNodeValue" classname="org.json.junit.XMLTest" time="0.0"/>
  <testcase name="testToJsonWithXSITypeWhenTypeConversionNotEnabledOnOne" classname="org.json.junit.XMLTest" time="0.001"/>
  <testcase name="testUnescape" classname="org.json.junit.XMLTest" time="0.001"/>
  <testcase name="shouldHandleNonXML" classname="org.json.junit.XMLTest" time="0.0"/>
  <testcase name="testJsonToXmlEscape" classname="org.json.junit.XMLTest" time="0.0"/>
  <testcase name="shouldHandleNoStartTag" classname="org.json.junit.XMLTest" time="0.0"/>
  <testcase name="shouldHandleEmptyXML" classname="org.json.junit.XMLTest" time="0.001"/>
  <testcase name="testToJsonWithXSITypeWhenTypeConversionEnabled" classname="org.json.junit.XMLTest" time="0.0"/>
  <testcase name="shouldHandleNestedArraytoString" classname="org.json.junit.XMLTest" time="0.001"/>
  <testcase name="testToJSONArray_reversibility" classname="org.json.junit.XMLTest" time="0.0"/>
  <testcase name="shouldHandleEmptyJSONXML" classname="org.json.junit.XMLTest" time="0.0"/>
  <testcase name="testToJsonWithNullWhenNilConversionEnabled" classname="org.json.junit.XMLTest" time="0.0"/>
  <testcase name="contentOperations" classname="org.json.junit.XMLTest" time="0.001"/>
  <testcase name="shouldHandleNullXML" classname="org.json.junit.XMLTest" time="0.0"/>
  <testcase name="shouldHandleEmptyArray" classname="org.json.junit.XMLTest" time="0.0"/>
  <testcase name="shouldHandleCommentsInXML" classname="org.json.junit.XMLTest" time="0.0"/>
  <testcase name="shouldHandleInvalidBangInTag" classname="org.json.junit.XMLTest" time="0.001"/>
  <testcase name="testXmlEscapeToJson" classname="org.json.junit.XMLTest" time="0.007"/>
  <testcase name="shouldHandleNoCloseStartTag" classname="org.json.junit.XMLTest" time="0.001"/>
  <testcase name="shouldHandleSimpleXML" classname="org.json.junit.XMLTest" time="0.001"/>
  <testcase name="testToJsonXML" classname="org.json.junit.XMLTest" time="0.001"/>
  <testcase name="shouldHandleIllegalJSONNodeNames" classname="org.json.junit.XMLTest" time="0.001"/>
  <testcase name="shouldHandleToString" classname="org.json.junit.XMLTest" time="0.0"/>
  <system-out><![CDATA[]]></system-out>
  <system-err><![CDATA[]]></system-err>
</testsuite>
