<?xml version="1.0" encoding="UTF-8"?>
<testsuite name="org.json.junit.MileStone4Test" tests="3" skipped="0" failures="0" errors="0" timestamp="2022-02-21T09:04:47" hostname="s-MacBook-Pro.local" time="0.02">
  <properties/>
  <testcase name="streamTestPrint" classname="org.json.junit.MileStone4Test" time="0.012"/>
  <testcase name="streamGetKey" classname="org.json.junit.MileStone4Test" time="0.004"/>
  <testcase name="streamTestfilter" classname="org.json.junit.MileStone4Test" time="0.003"/>
  <system-out><![CDATA[]]></system-out>
  <system-err><![CDATA[]]></system-err>
</testsuite>
