<?xml version="1.0" encoding="UTF-8"?>
<testsuite name="org.json.junit.JSONTokenerTest" tests="7" skipped="0" failures="0" errors="0" timestamp="2022-01-25T05:29:53" hostname="Chenxus-MacBook-Pro.local" time="0.023">
  <properties/>
  <testcase name="testSkipToFailureWithBufferedReader" classname="org.json.junit.JSONTokenerTest" time="0.022"/>
  <testcase name="verifyBackFailureDoubleBack" classname="org.json.junit.JSONTokenerTest" time="0.0"/>
  <testcase name="testValid" classname="org.json.junit.JSONTokenerTest" time="0.0"/>
  <testcase name="testSkipToSuccessWithStringReader" classname="org.json.junit.JSONTokenerTest" time="0.001"/>
  <testcase name="verifyBackFailureZeroIndex" classname="org.json.junit.JSONTokenerTest" time="0.0"/>
  <testcase name="testErrors" classname="org.json.junit.JSONTokenerTest" time="0.0"/>
  <testcase name="testNextBackComboWithNewLines" classname="org.json.junit.JSONTokenerTest" time="0.0"/>
  <system-out><![CDATA[]]></system-out>
  <system-err><![CDATA[]]></system-err>
</testsuite>
