<?xml version="1.0" encoding="UTF-8"?>
<testsuite name="org.json.junit.MileStone2Test" tests="5" skipped="0" failures="0" errors="0" timestamp="2022-01-26T03:06:37" hostname="Chenxus-MacBook-Pro.local" time="0.005">
  <properties/>
  <testcase name="handleReadArraySubObject" classname="org.json.junit.MileStone2Test" time="0.004"/>
  <testcase name="handleWrongReplacement" classname="org.json.junit.MileStone2Test" time="0.001"/>
  <testcase name="handleReadWrongSub" classname="org.json.junit.MileStone2Test" time="0.0"/>
  <testcase name="handleReplacement" classname="org.json.junit.MileStone2Test" time="0.0"/>
  <testcase name="handleReadSubObject" classname="org.json.junit.MileStone2Test" time="0.0"/>
  <system-out><![CDATA[]]></system-out>
  <system-err><![CDATA[]]></system-err>
</testsuite>
