<?xml version="1.0" encoding="UTF-8"?>
<testsuite name="org.json.junit.CookieListTest" tests="9" skipped="0" failures="0" errors="0" timestamp="2022-01-25T05:29:53" hostname="Chenxus-MacBook-Pro.local" time="0.001">
  <properties/>
  <testcase name="convertCookieListWithNullValueToString" classname="org.json.junit.CookieListTest" time="0.0"/>
  <testcase name="simpleCookieList" classname="org.json.junit.CookieListTest" time="0.0"/>
  <testcase name="malFormedCookieListException" classname="org.json.junit.CookieListTest" time="0.0"/>
  <testcase name="convertCookieListToString" classname="org.json.junit.CookieListTest" time="0.0"/>
  <testcase name="nullCookieListException" classname="org.json.junit.CookieListTest" time="0.001"/>
  <testcase name="simpleCookieListWithDelimiter" classname="org.json.junit.CookieListTest" time="0.0"/>
  <testcase name="emptyStringCookieList" classname="org.json.junit.CookieListTest" time="0.0"/>
  <testcase name="convertEncodedCookieListToString" classname="org.json.junit.CookieListTest" time="0.0"/>
  <testcase name="multiPartCookieList" classname="org.json.junit.CookieListTest" time="0.0"/>
  <system-out><![CDATA[]]></system-out>
  <system-err><![CDATA[]]></system-err>
</testsuite>
