<?xml version="1.0" encoding="UTF-8"?>
<testsuite name="org.json.junit.JSONArrayTest" tests="36" skipped="0" failures="0" errors="0" timestamp="2022-01-25T05:29:53" hostname="Chenxus-MacBook-Pro.local" time="0.003">
  <properties/>
  <testcase name="verifyConstructor" classname="org.json.junit.JSONArrayTest" time="0.0"/>
  <testcase name="verifySimilar" classname="org.json.junit.JSONArrayTest" time="0.0"/>
  <testcase name="objectArrayVsIsArray" classname="org.json.junit.JSONArrayTest" time="0.0"/>
  <testcase name="emptStr" classname="org.json.junit.JSONArrayTest" time="0.0"/>
  <testcase name="optQueryWithNoResult" classname="org.json.junit.JSONArrayTest" time="0.0"/>
  <testcase name="nullException" classname="org.json.junit.JSONArrayTest" time="0.0"/>
  <testcase name="length" classname="org.json.junit.JSONArrayTest" time="0.0"/>
  <testcase name="failedGetArrayValues" classname="org.json.junit.JSONArrayTest" time="0.001"/>
  <testcase name="remove" classname="org.json.junit.JSONArrayTest" time="0.0"/>
  <testcase name="toList" classname="org.json.junit.JSONArrayTest" time="0.0"/>
  <testcase name="verifyPutAll" classname="org.json.junit.JSONArrayTest" time="0.0"/>
  <testcase name="verifyPutMap" classname="org.json.junit.JSONArrayTest" time="0.0"/>
  <testcase name="testObjectConstructor" classname="org.json.junit.JSONArrayTest" time="0.0"/>
  <testcase name="optQueryWithSyntaxError" classname="org.json.junit.JSONArrayTest" time="0.0"/>
  <testcase name="testJSONArrayPutAll" classname="org.json.junit.JSONArrayTest" time="0.0"/>
  <testcase name="verifyPutCollection" classname="org.json.junit.JSONArrayTest" time="0.0"/>
  <testcase name="jsonArrayClearMethodTest" classname="org.json.junit.JSONArrayTest" time="0.0"/>
  <testcase name="testJSONArrayInt" classname="org.json.junit.JSONArrayTest" time="0.0"/>
  <testcase name="opt" classname="org.json.junit.JSONArrayTest" time="0.0"/>
  <testcase name="put" classname="org.json.junit.JSONArrayTest" time="0.001"/>
  <testcase name="join" classname="org.json.junit.JSONArrayTest" time="0.0"/>
  <testcase name="write" classname="org.json.junit.JSONArrayTest" time="0.0"/>
  <testcase name="getArrayValues" classname="org.json.junit.JSONArrayTest" time="0.0"/>
  <testcase name="write3Param" classname="org.json.junit.JSONArrayTest" time="0.0"/>
  <testcase name="iteratorTest" classname="org.json.junit.JSONArrayTest" time="0.0"/>
  <testcase name="unclosedArray2" classname="org.json.junit.JSONArrayTest" time="0.0"/>
  <testcase name="unclosedArray3" classname="org.json.junit.JSONArrayTest" time="0.0"/>
  <testcase name="optStringConversion" classname="org.json.junit.JSONArrayTest" time="0.001"/>
  <testcase name="notSimilar" classname="org.json.junit.JSONArrayTest" time="0.0"/>
  <testcase name="queryWithNoResult" classname="org.json.junit.JSONArrayTest" time="0.0"/>
  <testcase name="jsonArrayToStringIndent" classname="org.json.junit.JSONArrayTest" time="0.0"/>
  <testcase name="badObject" classname="org.json.junit.JSONArrayTest" time="0.0"/>
  <testcase name="testJSONArrayConstructor" classname="org.json.junit.JSONArrayTest" time="0.0"/>
  <testcase name="putIndex" classname="org.json.junit.JSONArrayTest" time="0.0"/>
  <testcase name="toJSONObject" classname="org.json.junit.JSONArrayTest" time="0.0"/>
  <testcase name="unclosedArray" classname="org.json.junit.JSONArrayTest" time="0.0"/>
  <system-out><![CDATA[]]></system-out>
  <system-err><![CDATA[]]></system-err>
</testsuite>
