<?xml version="1.0" encoding="UTF-8"?>
<testsuite name="org.json.junit.MileStone2Test" tests="1" skipped="0" failures="1" errors="0" timestamp="2022-02-06T22:49:21" hostname="Chenxus-MacBook-Pro.local" time="0.005">
  <properties/>
  <testcase name="handleTransformation2" classname="org.json.junit.MileStone2Test" time="0.005">
    <failure message="org.junit.ComparisonFailure: Correct result. expected:&lt;{&quot;SWE262_c[ontact&quot;:{&quot;SWE262_name&quot;:&quot;Crista Lopes&quot;,&quot;SWE262_nick&quot;:&quot;Crista&quot;,&quot;SWE262_address&quot;:{&quot;SWE262_street&quot;:&quot;Ave of Nowhere&quot;,&quot;SWE262_zipcode&quot;:92614}]}}&gt; but was:&lt;{&quot;SWE262_c[atalog&quot;:{&quot;SWE262_book&quot;:[{&quot;SWE262_author&quot;:&quot;Gambardella, Matthew&quot;,&quot;SWE262_title&quot;:&quot;XML Developer's Guide&quot;,&quot;SWE262_publish_date&quot;:&quot;2000-10-01&quot;,&quot;SWE262_genre&quot;:&quot;Computer&quot;,&quot;SWE262_description&quot;:&quot;An in-depth look at creating applications\n            with XML.&quot;,&quot;SWE262_id&quot;:&quot;bk101&quot;,&quot;SWE262_price&quot;:44.95},{&quot;SWE262_author&quot;:&quot;Ralls, Kim&quot;,&quot;SWE262_title&quot;:&quot;Midnight Rain&quot;,&quot;SWE262_publish_date&quot;:&quot;2000-12-16&quot;,&quot;SWE262_genre&quot;:&quot;Fantasy&quot;,&quot;SWE262_description&quot;:&quot;A former architect battles corporate zombies,\n            an evil sorceress, and her own childhood to become queen\n            of the world.&quot;,&quot;SWE262_id&quot;:&quot;bk102&quot;,&quot;SWE262_price&quot;:5.95},{&quot;SWE262_author&quot;:&quot;Corets, Eva&quot;,&quot;SWE262_title&quot;:&quot;Maeve Ascendant&quot;,&quot;SWE262_publish_date&quot;:&quot;2000-11-17&quot;,&quot;SWE262_genre&quot;:&quot;Fantasy&quot;,&quot;SWE262_description&quot;:&quot;After the collapse of a nanotechnology\n            society in England, the young survivors lay the\n            foundation for a new society.&quot;,&quot;SWE262_id&quot;:&quot;bk103&quot;,&quot;SWE262_price&quot;:5.95}]]}}&gt;" type="org.junit.ComparisonFailure">org.junit.ComparisonFailure: Correct result. expected:&lt;{&quot;SWE262_c[ontact&quot;:{&quot;SWE262_name&quot;:&quot;Crista Lopes&quot;,&quot;SWE262_nick&quot;:&quot;Crista&quot;,&quot;SWE262_address&quot;:{&quot;SWE262_street&quot;:&quot;Ave of Nowhere&quot;,&quot;SWE262_zipcode&quot;:92614}]}}&gt; but was:&lt;{&quot;SWE262_c[atalog&quot;:{&quot;SWE262_book&quot;:[{&quot;SWE262_author&quot;:&quot;Gambardella, Matthew&quot;,&quot;SWE262_title&quot;:&quot;XML Developer's Guide&quot;,&quot;SWE262_publish_date&quot;:&quot;2000-10-01&quot;,&quot;SWE262_genre&quot;:&quot;Computer&quot;,&quot;SWE262_description&quot;:&quot;An in-depth look at creating applications\n            with XML.&quot;,&quot;SWE262_id&quot;:&quot;bk101&quot;,&quot;SWE262_price&quot;:44.95},{&quot;SWE262_author&quot;:&quot;Ralls, Kim&quot;,&quot;SWE262_title&quot;:&quot;Midnight Rain&quot;,&quot;SWE262_publish_date&quot;:&quot;2000-12-16&quot;,&quot;SWE262_genre&quot;:&quot;Fantasy&quot;,&quot;SWE262_description&quot;:&quot;A former architect battles corporate zombies,\n            an evil sorceress, and her own childhood to become queen\n            of the world.&quot;,&quot;SWE262_id&quot;:&quot;bk102&quot;,&quot;SWE262_price&quot;:5.95},{&quot;SWE262_author&quot;:&quot;Corets, Eva&quot;,&quot;SWE262_title&quot;:&quot;Maeve Ascendant&quot;,&quot;SWE262_publish_date&quot;:&quot;2000-11-17&quot;,&quot;SWE262_genre&quot;:&quot;Fantasy&quot;,&quot;SWE262_description&quot;:&quot;After the collapse of a nanotechnology\n            society in England, the young survivors lay the\n            foundation for a new society.&quot;,&quot;SWE262_id&quot;:&quot;bk103&quot;,&quot;SWE262_price&quot;:5.95}]]}}&gt;
	at org.junit.Assert.assertEquals(Assert.java:117)
	at org.json.junit.MileStone2Test.handleTransformation2(MileStone2Test.java:220)
	at sun.reflect.NativeMethodAccessorImpl.invoke0(Native Method)
	at sun.reflect.NativeMethodAccessorImpl.invoke(NativeMethodAccessorImpl.java:62)
	at sun.reflect.DelegatingMethodAccessorImpl.invoke(DelegatingMethodAccessorImpl.java:43)
	at java.lang.reflect.Method.invoke(Method.java:498)
	at org.junit.runners.model.FrameworkMethod$1.runReflectiveCall(FrameworkMethod.java:59)
	at org.junit.internal.runners.model.ReflectiveCallable.run(ReflectiveCallable.java:12)
	at org.junit.runners.model.FrameworkMethod.invokeExplosively(FrameworkMethod.java:56)
	at org.junit.internal.runners.statements.InvokeMethod.evaluate(InvokeMethod.java:17)
	at org.junit.runners.ParentRunner$3.evaluate(ParentRunner.java:306)
	at org.junit.runners.BlockJUnit4ClassRunner$1.evaluate(BlockJUnit4ClassRunner.java:100)
	at org.junit.runners.ParentRunner.runLeaf(ParentRunner.java:366)
	at org.junit.runners.BlockJUnit4ClassRunner.runChild(BlockJUnit4ClassRunner.java:103)
	at org.junit.runners.BlockJUnit4ClassRunner.runChild(BlockJUnit4ClassRunner.java:63)
	at org.junit.runners.ParentRunner$4.run(ParentRunner.java:331)
	at org.junit.runners.ParentRunner$1.schedule(ParentRunner.java:79)
	at org.junit.runners.ParentRunner.runChildren(ParentRunner.java:329)
	at org.junit.runners.ParentRunner.access$100(ParentRunner.java:66)
	at org.junit.runners.ParentRunner$2.evaluate(ParentRunner.java:293)
	at org.junit.runners.ParentRunner$3.evaluate(ParentRunner.java:306)
	at org.junit.runners.ParentRunner.run(ParentRunner.java:413)
	at org.gradle.api.internal.tasks.testing.junit.JUnitTestClassExecutor.runTestClass(JUnitTestClassExecutor.java:110)
	at org.gradle.api.internal.tasks.testing.junit.JUnitTestClassExecutor.execute(JUnitTestClassExecutor.java:58)
	at org.gradle.api.internal.tasks.testing.junit.JUnitTestClassExecutor.execute(JUnitTestClassExecutor.java:38)
	at org.gradle.api.internal.tasks.testing.junit.AbstractJUnitTestClassProcessor.processTestClass(AbstractJUnitTestClassProcessor.java:62)
	at org.gradle.api.internal.tasks.testing.SuiteTestClassProcessor.processTestClass(SuiteTestClassProcessor.java:51)
	at sun.reflect.NativeMethodAccessorImpl.invoke0(Native Method)
	at sun.reflect.NativeMethodAccessorImpl.invoke(NativeMethodAccessorImpl.java:62)
	at sun.reflect.DelegatingMethodAccessorImpl.invoke(DelegatingMethodAccessorImpl.java:43)
	at java.lang.reflect.Method.invoke(Method.java:498)
	at org.gradle.internal.dispatch.ReflectionDispatch.dispatch(ReflectionDispatch.java:36)
	at org.gradle.internal.dispatch.ReflectionDispatch.dispatch(ReflectionDispatch.java:24)
	at org.gradle.internal.dispatch.ContextClassLoaderDispatch.dispatch(ContextClassLoaderDispatch.java:33)
	at org.gradle.internal.dispatch.ProxyDispatchAdapter$DispatchingInvocationHandler.invoke(ProxyDispatchAdapter.java:94)
	at com.sun.proxy.$Proxy2.processTestClass(Unknown Source)
	at org.gradle.api.internal.tasks.testing.worker.TestWorker.processTestClass(TestWorker.java:118)
	at sun.reflect.NativeMethodAccessorImpl.invoke0(Native Method)
	at sun.reflect.NativeMethodAccessorImpl.invoke(NativeMethodAccessorImpl.java:62)
	at sun.reflect.DelegatingMethodAccessorImpl.invoke(DelegatingMethodAccessorImpl.java:43)
	at java.lang.reflect.Method.invoke(Method.java:498)
	at org.gradle.internal.dispatch.ReflectionDispatch.dispatch(ReflectionDispatch.java:36)
	at org.gradle.internal.dispatch.ReflectionDispatch.dispatch(ReflectionDispatch.java:24)
	at org.gradle.internal.remote.internal.hub.MessageHubBackedObjectConnection$DispatchWrapper.dispatch(MessageHubBackedObjectConnection.java:182)
	at org.gradle.internal.remote.internal.hub.MessageHubBackedObjectConnection$DispatchWrapper.dispatch(MessageHubBackedObjectConnection.java:164)
	at org.gradle.internal.remote.internal.hub.MessageHub$Handler.run(MessageHub.java:412)
	at org.gradle.internal.concurrent.ExecutorPolicy$CatchAndRecordFailures.onExecute(ExecutorPolicy.java:64)
	at org.gradle.internal.concurrent.ManagedExecutorImpl$1.run(ManagedExecutorImpl.java:48)
	at java.util.concurrent.ThreadPoolExecutor.runWorker(ThreadPoolExecutor.java:1149)
	at java.util.concurrent.ThreadPoolExecutor$Worker.run(ThreadPoolExecutor.java:624)
	at org.gradle.internal.concurrent.ThreadFactoryImpl$ManagedThreadRunnable.run(ThreadFactoryImpl.java:56)
	at java.lang.Thread.run(Thread.java:748)
</failure>
  </testcase>
  <system-out><![CDATA[]]></system-out>
  <system-err><![CDATA[]]></system-err>
</testsuite>
