<?xml version="1.0" encoding="UTF-8"?>
<testsuite name="org.json.junit.JSONStringTest" tests="7" skipped="0" failures="0" errors="0" timestamp="2022-01-25T05:29:53" hostname="Chenxus-MacBook-Pro.local" time="0.001">
  <properties/>
  <testcase name="testJSONNullStringValue" classname="org.json.junit.JSONStringTest" time="0.0"/>
  <testcase name="testNullStringValue" classname="org.json.junit.JSONStringTest" time="0.0"/>
  <testcase name="writeValues" classname="org.json.junit.JSONStringTest" time="0.0"/>
  <testcase name="valuesToString" classname="org.json.junit.JSONStringTest" time="0.0"/>
  <testcase name="testJSONStringValue" classname="org.json.junit.JSONStringTest" time="0.001"/>
  <testcase name="testJSONStringExceptionValue" classname="org.json.junit.JSONStringTest" time="0.0"/>
  <testcase name="testStringValue" classname="org.json.junit.JSONStringTest" time="0.0"/>
  <system-out><![CDATA[]]></system-out>
  <system-err><![CDATA[]]></system-err>
</testsuite>
