<?xml version="1.0" encoding="UTF-8"?>
<testsuite name="org.json.junit.MileStone5Test" tests="1" skipped="0" failures="0" errors="0" timestamp="2022-03-06T23:17:43" hostname="s-MacBook-Pro.local" time="0.021">
  <properties/>
  <testcase name="testAsyncToJson" classname="org.json.junit.MileStone5Test" time="0.021"/>
  <system-out><![CDATA[]]></system-out>
  <system-err><![CDATA[]]></system-err>
</testsuite>
