<?xml version="1.0" encoding="UTF-8"?>
<testsuite name="org.json.junit.MileStone5Test" tests="2" skipped="0" failures="0" errors="0" timestamp="2022-03-14T22:38:03" hostname="s-MacBook-Pro.local" time="0.014">
  <properties/>
  <testcase name="shouldThrowExecutionException" classname="org.json.junit.MileStone5Test" time="0.007"/>
  <testcase name="testSuccess" classname="org.json.junit.MileStone5Test" time="0.007"/>
  <system-out><![CDATA[No input function!
Processing.....
]]></system-out>
  <system-err><![CDATA[]]></system-err>
</testsuite>
