<?xml version="1.0" encoding="UTF-8"?>
<testsuite name="org.json.junit.MileStone4Test" tests="3" skipped="0" failures="0" errors="0" timestamp="2022-02-21T08:54:27" hostname="Chenxus-MacBook-Pro.local" time="0.007">
  <properties/>
  <testcase name="streamTestPrint" classname="org.json.junit.MileStone4Test" time="0.006"/>
  <testcase name="streamGetKey" classname="org.json.junit.MileStone4Test" time="0.001"/>
  <testcase name="streamTestfilter" classname="org.json.junit.MileStone4Test" time="0.0"/>
  <system-out><![CDATA[]]></system-out>
  <system-err><![CDATA[]]></system-err>
</testsuite>
