<?xml version="1.0" encoding="UTF-8"?>
<testsuite name="org.json.junit.CDLTest" tests="18" skipped="0" failures="0" errors="0" timestamp="2022-01-25T05:29:53" hostname="Chenxus-MacBook-Pro.local" time="0.004">
  <properties/>
  <testcase name="nullJSONArrayToString" classname="org.json.junit.CDLTest" time="0.001"/>
  <testcase name="unbalancedEscapedQuote" classname="org.json.junit.CDLTest" time="0.0"/>
  <testcase name="unbalancedQuoteInName" classname="org.json.junit.CDLTest" time="0.0"/>
  <testcase name="exceptionOnNullString" classname="org.json.junit.CDLTest" time="0.0"/>
  <testcase name="badEscapedQuote" classname="org.json.junit.CDLTest" time="0.002"/>
  <testcase name="singleEscapedQuoteMiddleString" classname="org.json.junit.CDLTest" time="0.0"/>
  <testcase name="checkSpecialChars" classname="org.json.junit.CDLTest" time="0.0"/>
  <testcase name="nullJSONArraysToString" classname="org.json.junit.CDLTest" time="0.0"/>
  <testcase name="textToJSONArrayAndBackToString" classname="org.json.junit.CDLTest" time="0.0"/>
  <testcase name="jsonArrayToJSONArray" classname="org.json.junit.CDLTest" time="0.0"/>
  <testcase name="emptyString" classname="org.json.junit.CDLTest" time="0.0"/>
  <testcase name="textToJSONArray" classname="org.json.junit.CDLTest" time="0.0"/>
  <testcase name="unbalancedQuoteInValue" classname="org.json.junit.CDLTest" time="0.0"/>
  <testcase name="emptyLinesToJSONArray" classname="org.json.junit.CDLTest" time="0.0"/>
  <testcase name="nullInName" classname="org.json.junit.CDLTest" time="0.0"/>
  <testcase name="emptyJSONArrayToString" classname="org.json.junit.CDLTest" time="0.0"/>
  <testcase name="onlyColumnNames" classname="org.json.junit.CDLTest" time="0.0"/>
  <testcase name="singleEscapedQuote" classname="org.json.junit.CDLTest" time="0.0"/>
  <system-out><![CDATA[MessageBad character 'V' (86). at 20 [character 9 line 2]
]]></system-out>
  <system-err><![CDATA[]]></system-err>
</testsuite>
